<?xml version="1.0" encoding="UTF-8"?>
<!-- Generated by org.testng.reporters.JUnitXMLReporter -->
<testsuite ignored="0" hostname="Jacob" failures="0" tests="4" name="Default test" time="34.97" errors="0" timestamp="2024-03-16T16:29:36 IST">
  <testcase classname="com.mystore.testscripts.IndexPageTest" name="verifyLogo" time="0.417"/>
  <testcase classname="com.mystore.testscripts.IndexPageTest" name="verifyRegisterUserBtn" time="1.655"/>
  <testcase classname="com.mystore.testscripts.IndexPageTest" name="verifySignInbtn" time="1.766"/>
  <testcase classname="com.mystore.testscripts.IndexPageTest" name="verifyTitle" time="0.01"/>
</testsuite> <!-- Default test -->
