<?xml version="1.0" encoding="UTF-8"?>
<!-- Generated by org.testng.reporters.JUnitXMLReporter -->
<testsuite ignored="0" hostname="Jacob" failures="0" tests="4" name="Smoke_Test" time="24.834" errors="0" timestamp="2024-02-21T12:07:28 IST">
  <testcase classname="com.mystore.testscripts.IndexPageTest" name="verifyLogo" time="0.468"/>
  <testcase classname="com.mystore.testscripts.IndexPageTest" name="verifyRegisterUserBtn" time="1.372"/>
  <testcase classname="com.mystore.testscripts.IndexPageTest" name="verifySignInbtn" time="1.122"/>
  <testcase classname="com.mystore.testscripts.IndexPageTest" name="verifyTitle" time="0.007"/>
</testsuite> <!-- Smoke_Test -->
