<?xml version="1.0" encoding="UTF-8"?>
<!-- Generated by org.testng.reporters.JUnitXMLReporter -->
<testsuite ignored="14" hostname="Jacob" failures="4" tests="16" name="Test" time="359.067" errors="0" timestamp="2024-02-21T12:28:15 IST">
  <testcase classname="com.mystore.testscripts.AddToCartPageTest" name="addCartTest" time="6.788"/>
  <testcase classname="com.mystore.testscripts.AddToCartPageTest" name="navigateToCheckoutPageTest" time="10.222"/>
  <testcase classname="com.mystore.testscripts.ReviewPaymentTest" name="validatePriceCalculations" time="19.352"/>
  <testcase classname="com.mystore.testscripts.CheckoutPageTest" name="toPaymentPage" time="22.906"/>
  <testcase classname="com.mystore.testscripts.LoginPageTest" name="loginTest" time="3.45"/>
  <testcase classname="com.mystore.testscripts.LoginPageTest" name="verifyNewAccount" time="10.185">
    <failure type="org.openqa.selenium.TimeoutException" message="timeout: Timed out receiving message from renderer: 10.000
  (Session info: chrome=121.0.6167.187)
Build info: version: &amp;apos;4.17.0&amp;apos;, revision: &amp;apos;e52b1be057*&amp;apos;
System info: os.name: &amp;apos;Windows 10&amp;apos;, os.arch: &amp;apos;amd64&amp;apos;, os.version: &amp;apos;10.0&amp;apos;, java.version: &amp;apos;17.0.10&amp;apos;
Driver info: org.openqa.selenium.chrome.ChromeDriver
Command: [88a4d0fe0531886192e142391ef666a8, actions {actions=[org.openqa.selenium.interactions.Sequence@4e4395c]}]
Capabilities {acceptInsecureCerts: false, browserName: chrome, browserVersion: 121.0.6167.187, chrome: {chromedriverVersion: 121.0.6167.184 (057a8ae7deb..., userDataDir: C:\Users\vivek\AppData\Loca...}, fedcm:accounts: true, goog:chromeOptions: {debuggerAddress: localhost:52391}, networkConnectionEnabled: false, pageLoadStrategy: normal, platformName: windows, proxy: Proxy(), se:cdp: ws://localhost:52391/devtoo..., se:cdpVersion: 121.0.6167.187, setWindowRect: true, strictFileInteractability: false, timeouts: {implicit: 0, pageLoad: 300000, script: 30000}, unhandledPromptBehavior: dismiss and notify, webauthn:extension:credBlob: true, webauthn:extension:largeBlob: true, webauthn:extension:minPinLength: true, webauthn:extension:prf: true, webauthn:virtualAuthenticators: true}
Session ID: 88a4d0fe0531886192e142391ef666a8">
      <![CDATA[org.openqa.selenium.TimeoutException: timeout: Timed out receiving message from renderer: 10.000
  (Session info: chrome=121.0.6167.187)
Build info: version: '4.17.0', revision: 'e52b1be057*'
System info: os.name: 'Windows 10', os.arch: 'amd64', os.version: '10.0', java.version: '17.0.10'
Driver info: org.openqa.selenium.chrome.ChromeDriver
Command: [88a4d0fe0531886192e142391ef666a8, actions {actions=[org.openqa.selenium.interactions.Sequence@4e4395c]}]
Capabilities {acceptInsecureCerts: false, browserName: chrome, browserVersion: 121.0.6167.187, chrome: {chromedriverVersion: 121.0.6167.184 (057a8ae7deb..., userDataDir: C:\Users\vivek\AppData\Loca...}, fedcm:accounts: true, goog:chromeOptions: {debuggerAddress: localhost:52391}, networkConnectionEnabled: false, pageLoadStrategy: normal, platformName: windows, proxy: Proxy(), se:cdp: ws://localhost:52391/devtoo..., se:cdpVersion: 121.0.6167.187, setWindowRect: true, strictFileInteractability: false, timeouts: {implicit: 0, pageLoad: 300000, script: 30000}, unhandledPromptBehavior: dismiss and notify, webauthn:extension:credBlob: true, webauthn:extension:largeBlob: true, webauthn:extension:minPinLength: true, webauthn:extension:prf: true, webauthn:virtualAuthenticators: true}
Session ID: 88a4d0fe0531886192e142391ef666a8
at org.openqa.selenium.remote.codec.w3c.W3CHttpResponseCodec.createException(W3CHttpResponseCodec.java:185)
at org.openqa.selenium.remote.codec.w3c.W3CHttpResponseCodec.decode(W3CHttpResponseCodec.java:134)
at org.openqa.selenium.remote.codec.w3c.W3CHttpResponseCodec.decode(W3CHttpResponseCodec.java:51)
at org.openqa.selenium.remote.HttpCommandExecutor.execute(HttpCommandExecutor.java:190)
at org.openqa.selenium.remote.service.DriverCommandExecutor.invokeExecute(DriverCommandExecutor.java:216)
at org.openqa.selenium.remote.service.DriverCommandExecutor.execute(DriverCommandExecutor.java:174)
at org.openqa.selenium.remote.RemoteWebDriver.execute(RemoteWebDriver.java:519)
at org.openqa.selenium.remote.RemoteWebDriver.perform(RemoteWebDriver.java:605)
at org.openqa.selenium.interactions.Actions$BuiltAction.perform(Actions.java:603)
at com.mystore.actiondriver.ActionDriver.click(ActionDriver.java:38)
at com.mystore.pageobjects.IndexPage.clickOnSignIn(IndexPage.java:43)
at com.mystore.testscripts.LoginPageTest.verifyNewAccount(LoginPageTest.java:41)
at java.base/java.util.ArrayList.forEach(ArrayList.java:1511)
... Removed 32 stack frames]]>
    </failure>
  </testcase> <!-- verifyNewAccount -->
  <testcase classname="com.mystore.testscripts.SearchResultPageTest" name="checkNoOfProduct" time="1.991"/>
  <testcase classname="com.mystore.testscripts.SearchResultPageTest" name="checkProductAvailability" time="1.807"/>
  <testcase classname="com.mystore.testscripts.AccountPageTets" name="verifyAccountPage" time="3.505">
    <failure type="java.lang.NullPointerException" message="Cannot invoke &amp;quot;com.mystore.pageobjects.MyAccountPage.getCurrentUrl()&amp;quot; because &amp;quot;this.myAccountPage&amp;quot; is null">
      <![CDATA[java.lang.NullPointerException: Cannot invoke "com.mystore.pageobjects.MyAccountPage.getCurrentUrl()" because "this.myAccountPage" is null
at com.mystore.testscripts.AccountPageTets.verifyAccountPage(AccountPageTets.java:39)
at java.base/java.util.ArrayList.forEach(ArrayList.java:1511)
... Removed 27 stack frames]]>
    </failure>
  </testcase> <!-- verifyAccountPage -->
  <testcase classname="com.mystore.testscripts.AccountPageTets" name="verifyMyOrder" time="4.874">
    <failure type="java.lang.NullPointerException" message="Cannot invoke &amp;quot;com.mystore.pageobjects.MyAccountPage.validateMyOrders()&amp;quot; because &amp;quot;this.myAccountPage&amp;quot; is null">
      <![CDATA[java.lang.NullPointerException: Cannot invoke "com.mystore.pageobjects.MyAccountPage.validateMyOrders()" because "this.myAccountPage" is null
at com.mystore.testscripts.AccountPageTets.verifyMyOrder(AccountPageTets.java:47)
at java.base/java.util.ArrayList.forEach(ArrayList.java:1511)
... Removed 27 stack frames]]>
    </failure>
  </testcase> <!-- verifyMyOrder -->
  <testcase classname="com.mystore.testscripts.AccountPageTets" name="verifyPaymentTab" time="15.792">
    <failure type="org.openqa.selenium.TimeoutException" message="timeout: Timed out receiving message from renderer: 10.000
  (Session info: chrome=121.0.6167.187)
Build info: version: &amp;apos;4.17.0&amp;apos;, revision: &amp;apos;e52b1be057*&amp;apos;
System info: os.name: &amp;apos;Windows 10&amp;apos;, os.arch: &amp;apos;amd64&amp;apos;, os.version: &amp;apos;10.0&amp;apos;, java.version: &amp;apos;17.0.10&amp;apos;
Driver info: org.openqa.selenium.chrome.ChromeDriver
Command: [a39936f3c5a9472e2aa6bd1b785cf1af, actions {actions=[org.openqa.selenium.interactions.Sequence@24615687]}]
Capabilities {acceptInsecureCerts: false, browserName: chrome, browserVersion: 121.0.6167.187, chrome: {chromedriverVersion: 121.0.6167.184 (057a8ae7deb..., userDataDir: C:\Users\vivek\AppData\Loca...}, fedcm:accounts: true, goog:chromeOptions: {debuggerAddress: localhost:52580}, networkConnectionEnabled: false, pageLoadStrategy: normal, platformName: windows, proxy: Proxy(), se:cdp: ws://localhost:52580/devtoo..., se:cdpVersion: 121.0.6167.187, setWindowRect: true, strictFileInteractability: false, timeouts: {implicit: 0, pageLoad: 300000, script: 30000}, unhandledPromptBehavior: dismiss and notify, webauthn:extension:credBlob: true, webauthn:extension:largeBlob: true, webauthn:extension:minPinLength: true, webauthn:extension:prf: true, webauthn:virtualAuthenticators: true}
Session ID: a39936f3c5a9472e2aa6bd1b785cf1af">
      <![CDATA[org.openqa.selenium.TimeoutException: timeout: Timed out receiving message from renderer: 10.000
  (Session info: chrome=121.0.6167.187)
Build info: version: '4.17.0', revision: 'e52b1be057*'
System info: os.name: 'Windows 10', os.arch: 'amd64', os.version: '10.0', java.version: '17.0.10'
Driver info: org.openqa.selenium.chrome.ChromeDriver
Command: [a39936f3c5a9472e2aa6bd1b785cf1af, actions {actions=[org.openqa.selenium.interactions.Sequence@24615687]}]
Capabilities {acceptInsecureCerts: false, browserName: chrome, browserVersion: 121.0.6167.187, chrome: {chromedriverVersion: 121.0.6167.184 (057a8ae7deb..., userDataDir: C:\Users\vivek\AppData\Loca...}, fedcm:accounts: true, goog:chromeOptions: {debuggerAddress: localhost:52580}, networkConnectionEnabled: false, pageLoadStrategy: normal, platformName: windows, proxy: Proxy(), se:cdp: ws://localhost:52580/devtoo..., se:cdpVersion: 121.0.6167.187, setWindowRect: true, strictFileInteractability: false, timeouts: {implicit: 0, pageLoad: 300000, script: 30000}, unhandledPromptBehavior: dismiss and notify, webauthn:extension:credBlob: true, webauthn:extension:largeBlob: true, webauthn:extension:minPinLength: true, webauthn:extension:prf: true, webauthn:virtualAuthenticators: true}
Session ID: a39936f3c5a9472e2aa6bd1b785cf1af
at org.openqa.selenium.remote.codec.w3c.W3CHttpResponseCodec.createException(W3CHttpResponseCodec.java:185)
at org.openqa.selenium.remote.codec.w3c.W3CHttpResponseCodec.decode(W3CHttpResponseCodec.java:134)
at org.openqa.selenium.remote.codec.w3c.W3CHttpResponseCodec.decode(W3CHttpResponseCodec.java:51)
at org.openqa.selenium.remote.HttpCommandExecutor.execute(HttpCommandExecutor.java:190)
at org.openqa.selenium.remote.service.DriverCommandExecutor.invokeExecute(DriverCommandExecutor.java:216)
at org.openqa.selenium.remote.service.DriverCommandExecutor.execute(DriverCommandExecutor.java:174)
at org.openqa.selenium.remote.RemoteWebDriver.execute(RemoteWebDriver.java:519)
at org.openqa.selenium.remote.RemoteWebDriver.perform(RemoteWebDriver.java:605)
at org.openqa.selenium.interactions.Actions$BuiltAction.perform(Actions.java:603)
at com.mystore.actiondriver.ActionDriver.click(ActionDriver.java:38)
at com.mystore.pageobjects.LoginPage.login(LoginPage.java:32)
at com.mystore.testscripts.AccountPageTets.goToAccountPage(AccountPageTets.java:32)
at com.mystore.testscripts.AccountPageTets.verifyPaymentTab(AccountPageTets.java:53)
at java.base/java.util.ArrayList.forEach(ArrayList.java:1511)
... Removed 32 stack frames]]>
    </failure>
  </testcase> <!-- verifyPaymentTab -->
  <testcase classname="com.mystore.testscripts.EndToEndTest" name="endToEndTest" time="38.216"/>
  <testcase classname="com.mystore.testscripts.IndexPageTest" name="verifyLogo" time="0.055"/>
  <testcase classname="com.mystore.testscripts.IndexPageTest" name="verifyRegisterUserBtn" time="2.847"/>
  <testcase classname="com.mystore.testscripts.IndexPageTest" name="verifySignInbtn" time="1.192"/>
  <testcase classname="com.mystore.testscripts.IndexPageTest" name="verifyTitle" time="0.007"/>
  <testcase classname="com.mystore.base.BaseClass" name="@AfterSuite afterSuite" time="0.0">
    <ignored/>
  </testcase> <!-- @AfterSuite afterSuite -->
  <testcase classname="com.mystore.base.BaseClass" name="@BeforeSuite loadConfig" time="0.0">
    <ignored/>
  </testcase> <!-- @BeforeSuite loadConfig -->
  <testcase classname="com.mystore.base.BaseClass" name="@BeforeSuite loadConfig" time="0.0">
    <ignored/>
  </testcase> <!-- @BeforeSuite loadConfig -->
  <testcase classname="com.mystore.base.BaseClass" name="@AfterSuite afterSuite" time="0.0">
    <ignored/>
  </testcase> <!-- @AfterSuite afterSuite -->
  <testcase classname="com.mystore.base.BaseClass" name="@BeforeSuite loadConfig" time="0.0">
    <ignored/>
  </testcase> <!-- @BeforeSuite loadConfig -->
  <testcase classname="com.mystore.base.BaseClass" name="@BeforeSuite loadConfig" time="0.0">
    <ignored/>
  </testcase> <!-- @BeforeSuite loadConfig -->
  <testcase classname="com.mystore.base.BaseClass" name="@AfterSuite afterSuite" time="0.0">
    <ignored/>
  </testcase> <!-- @AfterSuite afterSuite -->
  <testcase classname="com.mystore.base.BaseClass" name="@BeforeSuite loadConfig" time="0.0">
    <ignored/>
  </testcase> <!-- @BeforeSuite loadConfig -->
  <testcase classname="com.mystore.base.BaseClass" name="@AfterSuite afterSuite" time="0.0">
    <ignored/>
  </testcase> <!-- @AfterSuite afterSuite -->
  <testcase classname="com.mystore.base.BaseClass" name="@BeforeSuite loadConfig" time="0.0">
    <ignored/>
  </testcase> <!-- @BeforeSuite loadConfig -->
  <testcase classname="com.mystore.base.BaseClass" name="@BeforeSuite loadConfig" time="0.0">
    <ignored/>
  </testcase> <!-- @BeforeSuite loadConfig -->
  <testcase classname="com.mystore.base.BaseClass" name="@AfterSuite afterSuite" time="0.0">
    <ignored/>
  </testcase> <!-- @AfterSuite afterSuite -->
  <testcase classname="com.mystore.base.BaseClass" name="@AfterSuite afterSuite" time="0.0">
    <ignored/>
  </testcase> <!-- @AfterSuite afterSuite -->
  <testcase classname="com.mystore.base.BaseClass" name="@AfterSuite afterSuite" time="0.0">
    <ignored/>
  </testcase> <!-- @AfterSuite afterSuite -->
</testsuite> <!-- Test -->
